<?xml version="1.0" encoding="UTF-8"?>
<!-- Generated by org.testng.reporters.JUnitXMLReporter -->
<testsuite ignored="0" hostname="IN15I51216GR512" failures="0" tests="3" name="Default test" time="10.798" errors="0" timestamp="2025-06-28T16:23:37 IST">
  <testcase classname="tests.WebTableTest" name="clickOnClose" time="3.036"/>
  <testcase classname="tests.WebTableTest" name="clickToWebtable" time="1.071"/>
  <testcase classname="tests.WebTableTest" name="fillData" time="1.796"/>
</testsuite> <!-- Default test -->
