<?xml version="1.0" encoding="UTF-8"?>
<!-- Generated by org.testng.reporters.JUnitXMLReporter -->
<testsuite ignored="0" hostname="IN15I51216GR512" failures="0" tests="8" name="Test3" time="11.755" errors="0" timestamp="2025-07-10T21:19:08 IST">
  <testcase classname="tests.CheckBoxTest" name="clickOnClose" time="3.291"/>
  <testcase classname="tests.CheckBoxTest" name="clicickToCheckMobileBox" time="1.187"/>
  <testcase classname="tests.CheckBoxTest" name="clickTOMobileChkBx" time="0.312"/>
  <testcase classname="tests.CheckBoxTest" name="clickToMobileValidation" time="2.122"/>
  <testcase classname="tests.CheckBoxTest" name="clickToLaptopCheckBox" time="0.308"/>
  <testcase classname="tests.CheckBoxTest" name="clickToLaptopValidation" time="0.09"/>
  <testcase classname="tests.CheckBoxTest" name="clickToDesktopCheckBox" time="0.21"/>
  <testcase classname="tests.CheckBoxTest" name="clickToDesktopValidation" time="0.097"/>
</testsuite> <!-- Test3 -->
