<?xml version="1.0" encoding="UTF-8"?>
<!-- Generated by org.testng.reporters.JUnitXMLReporter -->
<testsuite ignored="0" hostname="IN15I51216GR512" failures="0" tests="5" name="Test2" time="16.4" errors="0" timestamp="2025-07-10T21:18:56 IST">
  <testcase classname="tests.TextBoxTest" name="clickOnClose" time="3.244"/>
  <testcase classname="tests.TextBoxTest" name="ClickOnTxtBox" time="1.08"/>
  <testcase classname="tests.TextBoxTest" name="FillDetail" time="3.916"/>
  <testcase classname="tests.TextBoxTest" name="clickOnSubmitBtn" time="0.125"/>
  <testcase classname="tests.TextBoxTest" name="validate" time="0.586"/>
</testsuite> <!-- Test2 -->
