<?xml version="1.0" encoding="UTF-8"?>
<!-- Generated by org.testng.reporters.JUnitXMLReporter -->
<testsuite ignored="0" hostname="IN15I51216GR512" failures="0" tests="4" name="Test4" time="11.37" errors="0" timestamp="2025-07-10T21:19:19 IST">
  <testcase classname="tests.RadioButtonTest" name="clickOnClose" time="3.522"/>
  <testcase classname="tests.RadioButtonTest" name="clickToRadioBtn" time="2.139"/>
  <testcase classname="tests.RadioButtonTest" name="clickToYesOption" time="0.187"/>
  <testcase classname="tests.RadioButtonTest" name="validation" time="1.096"/>
</testsuite> <!-- Test4 -->
